<?xml version="1.0" encoding="UTF-8"?>
<!-- Generated by org.testng.reporters.JUnitXMLReporter -->
<testsuite ignored="0" hostname="Thinktime" failures="0" tests="10" name="Test Cucumber All Feature" time="172.676" errors="0" timestamp="2025-07-07T12:31:24 IST">
  <testcase classname="Thinktime.TestFlow.ContactFormTest" name="testContactForm" time="12.437"/>
  <testcase classname="Thinktime.TestFlow.ContactFormTest" name="testContactForm" time="10.897"/>
  <testcase classname="Thinktime.TestFlow.ContactFormTest" name="testContactForm" time="10.133"/>
  <testcase classname="Thinktime.TestFlow.ContactFormTest" name="testContactForm" time="9.865"/>
  <testcase classname="Thinktime.TestFlow.ContactFormTest" name="testContactForm" time="9.935"/>
  <testcase classname="Thinktime.TestFlow.ContactFormTest" name="testContactForm" time="10.897"/>
  <testcase classname="Thinktime.TestFlow.ContactFormTest" name="testContactForm" time="10.44"/>
  <testcase classname="Thinktime.TestFlow.ContactFormTest" name="testContactForm" time="11.4"/>
  <testcase classname="Thinktime.TestFlow.ContactFormTest" name="testContactForm" time="11.379"/>
  <testcase classname="Thinktime.TestFlow.ContactFormTest" name="testContactForm" time="12.024"/>
</testsuite> <!-- Test Cucumber All Feature -->
