<?xml version="1.0" encoding="UTF-8"?>
<!-- Generated by org.testng.reporters.JUnitXMLReporter -->
<testsuite ignored="0" hostname="Thinktime" failures="0" tests="10" name="Surefire test" time="183.389" errors="0" timestamp="2025-07-07T12:36:14 IST">
  <testcase classname="Thinktime.TestFlow.ContactFormTest" name="testContactForm" time="11.716"/>
  <testcase classname="Thinktime.TestFlow.ContactFormTest" name="testContactForm" time="11.137"/>
  <testcase classname="Thinktime.TestFlow.ContactFormTest" name="testContactForm" time="10.918"/>
  <testcase classname="Thinktime.TestFlow.ContactFormTest" name="testContactForm" time="11.278"/>
  <testcase classname="Thinktime.TestFlow.ContactFormTest" name="testContactForm" time="11.461"/>
  <testcase classname="Thinktime.TestFlow.ContactFormTest" name="testContactForm" time="11.179"/>
  <testcase classname="Thinktime.TestFlow.ContactFormTest" name="testContactForm" time="11.555"/>
  <testcase classname="Thinktime.TestFlow.ContactFormTest" name="testContactForm" time="11.255"/>
  <testcase classname="Thinktime.TestFlow.ContactFormTest" name="testContactForm" time="11.527"/>
  <testcase classname="Thinktime.TestFlow.ContactFormTest" name="testContactForm" time="11.957"/>
</testsuite> <!-- Surefire test -->
