<?xml version="1.0" encoding="UTF-8"?>
<testng-results ignored="0" total="10" passed="10" failed="0" skipped="0">
  <reporter-output>
  </reporter-output>
  <suite started-at="2025-07-07T12:33:11 IST" name="Surefire suite" finished-at="2025-07-07T12:36:14 IST" duration-ms="183389">
    <groups>
    </groups>
    <test started-at="2025-07-07T12:33:11 IST" name="Surefire test" finished-at="2025-07-07T12:36:14 IST" duration-ms="183389">
      <class name="Thinktime.TestFlow.ContactFormTest">
        <test-method is-config="true" signature="setUp()[pri:0, instance:Thinktime.TestFlow.ContactFormTest@184cf7cf]" started-at="2025-07-07T12:33:12 IST" name="setUp" finished-at="2025-07-07T12:33:19 IST" duration-ms="7240" status="PASS">
          <reporter-output>
          </reporter-output>
        </test-method> <!-- setUp -->
        <test-method signature="testContactForm(java.lang.String,java.lang.String,java.lang.String,java.lang.String,java.lang.String)[pri:0, instance:Thinktime.TestFlow.ContactFormTest@184cf7cf]" started-at="2025-07-07T12:33:19 IST" name="testContactForm" data-provider="formData" finished-at="2025-07-07T12:33:31 IST" duration-ms="11716" status="PASS">
          <params>
            <param index="0">
              <value>
                <![CDATA[Priya]]>
              </value>
            </param>
            <param index="1">
              <value>
                <![CDATA[D]]>
              </value>
            </param>
            <param index="2">
              <value>
                <![CDATA[priya@test.com]]>
              </value>
            </param>
            <param index="3">
              <value>
                <![CDATA[Testing Inquiry]]>
              </value>
            </param>
            <param index="4">
              <value>
                <![CDATA[Hi, this is a test from Selenium.]]>
              </value>
            </param>
          </params>
          <reporter-output>
          </reporter-output>
        </test-method> <!-- testContactForm -->
        <test-method is-config="true" signature="tearDown()[pri:0, instance:Thinktime.TestFlow.ContactFormTest@184cf7cf]" started-at="2025-07-07T12:33:31 IST" name="tearDown" finished-at="2025-07-07T12:33:31 IST" duration-ms="415" status="PASS">
          <reporter-output>
          </reporter-output>
        </test-method> <!-- tearDown -->
        <test-method is-config="true" signature="setUp()[pri:0, instance:Thinktime.TestFlow.ContactFormTest@184cf7cf]" started-at="2025-07-07T12:33:31 IST" name="setUp" finished-at="2025-07-07T12:33:37 IST" duration-ms="6284" status="PASS">
          <reporter-output>
          </reporter-output>
        </test-method> <!-- setUp -->
        <test-method signature="testContactForm(java.lang.String,java.lang.String,java.lang.String,java.lang.String,java.lang.String)[pri:0, instance:Thinktime.TestFlow.ContactFormTest@184cf7cf]" started-at="2025-07-07T12:33:37 IST" name="testContactForm" data-provider="formData" finished-at="2025-07-07T12:33:48 IST" duration-ms="11137" status="PASS">
          <params>
            <param index="0">
              <value>
                <![CDATA[Arun]]>
              </value>
            </param>
            <param index="1">
              <value>
                <![CDATA[Kumar]]>
              </value>
            </param>
            <param index="2">
              <value>
                <![CDATA[arun@test.com]]>
              </value>
            </param>
            <param index="3">
              <value>
                <![CDATA[Bug Report]]>
              </value>
            </param>
            <param index="4">
              <value>
                <![CDATA[Found a UI issue on the contact page.]]>
              </value>
            </param>
          </params>
          <reporter-output>
          </reporter-output>
        </test-method> <!-- testContactForm -->
        <test-method is-config="true" signature="tearDown()[pri:0, instance:Thinktime.TestFlow.ContactFormTest@184cf7cf]" started-at="2025-07-07T12:33:48 IST" name="tearDown" finished-at="2025-07-07T12:33:49 IST" duration-ms="373" status="PASS">
          <reporter-output>
          </reporter-output>
        </test-method> <!-- tearDown -->
        <test-method is-config="true" signature="setUp()[pri:0, instance:Thinktime.TestFlow.ContactFormTest@184cf7cf]" started-at="2025-07-07T12:33:49 IST" name="setUp" finished-at="2025-07-07T12:33:56 IST" duration-ms="6862" status="PASS">
          <reporter-output>
          </reporter-output>
        </test-method> <!-- setUp -->
        <test-method signature="testContactForm(java.lang.String,java.lang.String,java.lang.String,java.lang.String,java.lang.String)[pri:0, instance:Thinktime.TestFlow.ContactFormTest@184cf7cf]" started-at="2025-07-07T12:33:56 IST" name="testContactForm" data-provider="formData" finished-at="2025-07-07T12:34:07 IST" duration-ms="10918" status="PASS">
          <params>
            <param index="0">
              <value>
                <![CDATA[Sneha]]>
              </value>
            </param>
            <param index="1">
              <value>
                <![CDATA[Reddy]]>
              </value>
            </param>
            <param index="2">
              <value>
                <![CDATA[sneha@test.com]]>
              </value>
            </param>
            <param index="3">
              <value>
                <![CDATA[Feature Request]]>
              </value>
            </param>
            <param index="4">
              <value>
                <![CDATA[Can we add CAPTCHA to the form?]]>
              </value>
            </param>
          </params>
          <reporter-output>
          </reporter-output>
        </test-method> <!-- testContactForm -->
        <test-method is-config="true" signature="tearDown()[pri:0, instance:Thinktime.TestFlow.ContactFormTest@184cf7cf]" started-at="2025-07-07T12:34:07 IST" name="tearDown" finished-at="2025-07-07T12:34:07 IST" duration-ms="387" status="PASS">
          <reporter-output>
          </reporter-output>
        </test-method> <!-- tearDown -->
        <test-method is-config="true" signature="setUp()[pri:0, instance:Thinktime.TestFlow.ContactFormTest@184cf7cf]" started-at="2025-07-07T12:34:07 IST" name="setUp" finished-at="2025-07-07T12:34:14 IST" duration-ms="6582" status="PASS">
          <reporter-output>
          </reporter-output>
        </test-method> <!-- setUp -->
        <test-method signature="testContactForm(java.lang.String,java.lang.String,java.lang.String,java.lang.String,java.lang.String)[pri:0, instance:Thinktime.TestFlow.ContactFormTest@184cf7cf]" started-at="2025-07-07T12:34:14 IST" name="testContactForm" data-provider="formData" finished-at="2025-07-07T12:34:25 IST" duration-ms="11278" status="PASS">
          <params>
            <param index="0">
              <value>
                <![CDATA[Rahul]]>
              </value>
            </param>
            <param index="1">
              <value>
                <![CDATA[Sharma]]>
              </value>
            </param>
            <param index="2">
              <value>
                <![CDATA[rahul@test.com]]>
              </value>
            </param>
            <param index="3">
              <value>
                <![CDATA[Job Application]]>
              </value>
            </param>
            <param index="4">
              <value>
                <![CDATA[I am applying for QA position.]]>
              </value>
            </param>
          </params>
          <reporter-output>
          </reporter-output>
        </test-method> <!-- testContactForm -->
        <test-method is-config="true" signature="tearDown()[pri:0, instance:Thinktime.TestFlow.ContactFormTest@184cf7cf]" started-at="2025-07-07T12:34:25 IST" name="tearDown" finished-at="2025-07-07T12:34:25 IST" duration-ms="392" status="PASS">
          <reporter-output>
          </reporter-output>
        </test-method> <!-- tearDown -->
        <test-method is-config="true" signature="setUp()[pri:0, instance:Thinktime.TestFlow.ContactFormTest@184cf7cf]" started-at="2025-07-07T12:34:25 IST" name="setUp" finished-at="2025-07-07T12:34:31 IST" duration-ms="6180" status="PASS">
          <reporter-output>
          </reporter-output>
        </test-method> <!-- setUp -->
        <test-method signature="testContactForm(java.lang.String,java.lang.String,java.lang.String,java.lang.String,java.lang.String)[pri:0, instance:Thinktime.TestFlow.ContactFormTest@184cf7cf]" started-at="2025-07-07T12:34:31 IST" name="testContactForm" data-provider="formData" finished-at="2025-07-07T12:34:43 IST" duration-ms="11461" status="PASS">
          <params>
            <param index="0">
              <value>
                <![CDATA[Meena]]>
              </value>
            </param>
            <param index="1">
              <value>
                <![CDATA[Iyer]]>
              </value>
            </param>
            <param index="2">
              <value>
                <![CDATA[meena@test.com]]>
              </value>
            </param>
            <param index="3">
              <value>
                <![CDATA[General Question]]>
              </value>
            </param>
            <param index="4">
              <value>
                <![CDATA[What services do you offer?]]>
              </value>
            </param>
          </params>
          <reporter-output>
          </reporter-output>
        </test-method> <!-- testContactForm -->
        <test-method is-config="true" signature="tearDown()[pri:0, instance:Thinktime.TestFlow.ContactFormTest@184cf7cf]" started-at="2025-07-07T12:34:43 IST" name="tearDown" finished-at="2025-07-07T12:34:43 IST" duration-ms="408" status="PASS">
          <reporter-output>
          </reporter-output>
        </test-method> <!-- tearDown -->
        <test-method is-config="true" signature="setUp()[pri:0, instance:Thinktime.TestFlow.ContactFormTest@184cf7cf]" started-at="2025-07-07T12:34:43 IST" name="setUp" finished-at="2025-07-07T12:34:49 IST" duration-ms="5609" status="PASS">
          <reporter-output>
          </reporter-output>
        </test-method> <!-- setUp -->
        <test-method signature="testContactForm(java.lang.String,java.lang.String,java.lang.String,java.lang.String,java.lang.String)[pri:0, instance:Thinktime.TestFlow.ContactFormTest@184cf7cf]" started-at="2025-07-07T12:34:49 IST" name="testContactForm" data-provider="formData" finished-at="2025-07-07T12:35:00 IST" duration-ms="11179" status="PASS">
          <params>
            <param index="0">
              <value>
                <![CDATA[Vignesh]]>
              </value>
            </param>
            <param index="1">
              <value>
                <![CDATA[S]]>
              </value>
            </param>
            <param index="2">
              <value>
                <![CDATA[vignesh@test.com]]>
              </value>
            </param>
            <param index="3">
              <value>
                <![CDATA[Demo Request]]>
              </value>
            </param>
            <param index="4">
              <value>
                <![CDATA[Can I schedule a product demo?]]>
              </value>
            </param>
          </params>
          <reporter-output>
          </reporter-output>
        </test-method> <!-- testContactForm -->
        <test-method is-config="true" signature="tearDown()[pri:0, instance:Thinktime.TestFlow.ContactFormTest@184cf7cf]" started-at="2025-07-07T12:35:00 IST" name="tearDown" finished-at="2025-07-07T12:35:01 IST" duration-ms="737" status="PASS">
          <reporter-output>
          </reporter-output>
        </test-method> <!-- tearDown -->
        <test-method is-config="true" signature="setUp()[pri:0, instance:Thinktime.TestFlow.ContactFormTest@184cf7cf]" started-at="2025-07-07T12:35:01 IST" name="setUp" finished-at="2025-07-07T12:35:07 IST" duration-ms="6651" status="PASS">
          <reporter-output>
          </reporter-output>
        </test-method> <!-- setUp -->
        <test-method signature="testContactForm(java.lang.String,java.lang.String,java.lang.String,java.lang.String,java.lang.String)[pri:0, instance:Thinktime.TestFlow.ContactFormTest@184cf7cf]" started-at="2025-07-07T12:35:07 IST" name="testContactForm" data-provider="formData" finished-at="2025-07-07T12:35:19 IST" duration-ms="11555" status="PASS">
          <params>
            <param index="0">
              <value>
                <![CDATA[Kavya]]>
              </value>
            </param>
            <param index="1">
              <value>
                <![CDATA[R]]>
              </value>
            </param>
            <param index="2">
              <value>
                <![CDATA[kavya@test.com]]>
              </value>
            </param>
            <param index="3">
              <value>
                <![CDATA[Sales Inquiry]]>
              </value>
            </param>
            <param index="4">
              <value>
                <![CDATA[Interested in your enterprise plan.]]>
              </value>
            </param>
          </params>
          <reporter-output>
          </reporter-output>
        </test-method> <!-- testContactForm -->
        <test-method is-config="true" signature="tearDown()[pri:0, instance:Thinktime.TestFlow.ContactFormTest@184cf7cf]" started-at="2025-07-07T12:35:19 IST" name="tearDown" finished-at="2025-07-07T12:35:19 IST" duration-ms="442" status="PASS">
          <reporter-output>
          </reporter-output>
        </test-method> <!-- tearDown -->
        <test-method is-config="true" signature="setUp()[pri:0, instance:Thinktime.TestFlow.ContactFormTest@184cf7cf]" started-at="2025-07-07T12:35:19 IST" name="setUp" finished-at="2025-07-07T12:35:25 IST" duration-ms="5696" status="PASS">
          <reporter-output>
          </reporter-output>
        </test-method> <!-- setUp -->
        <test-method signature="testContactForm(java.lang.String,java.lang.String,java.lang.String,java.lang.String,java.lang.String)[pri:0, instance:Thinktime.TestFlow.ContactFormTest@184cf7cf]" started-at="2025-07-07T12:35:25 IST" name="testContactForm" data-provider="formData" finished-at="2025-07-07T12:35:36 IST" duration-ms="11255" status="PASS">
          <params>
            <param index="0">
              <value>
                <![CDATA[Ramesh]]>
              </value>
            </param>
            <param index="1">
              <value>
                <![CDATA[Babu]]>
              </value>
            </param>
            <param index="2">
              <value>
                <![CDATA[ramesh@test.com]]>
              </value>
            </param>
            <param index="3">
              <value>
                <![CDATA[Technical Help]]>
              </value>
            </param>
            <param index="4">
              <value>
                <![CDATA[Unable to submit the contact form.]]>
              </value>
            </param>
          </params>
          <reporter-output>
          </reporter-output>
        </test-method> <!-- testContactForm -->
        <test-method is-config="true" signature="tearDown()[pri:0, instance:Thinktime.TestFlow.ContactFormTest@184cf7cf]" started-at="2025-07-07T12:35:36 IST" name="tearDown" finished-at="2025-07-07T12:35:37 IST" duration-ms="387" status="PASS">
          <reporter-output>
          </reporter-output>
        </test-method> <!-- tearDown -->
        <test-method is-config="true" signature="setUp()[pri:0, instance:Thinktime.TestFlow.ContactFormTest@184cf7cf]" started-at="2025-07-07T12:35:37 IST" name="setUp" finished-at="2025-07-07T12:35:44 IST" duration-ms="6968" status="PASS">
          <reporter-output>
          </reporter-output>
        </test-method> <!-- setUp -->
        <test-method signature="testContactForm(java.lang.String,java.lang.String,java.lang.String,java.lang.String,java.lang.String)[pri:0, instance:Thinktime.TestFlow.ContactFormTest@184cf7cf]" started-at="2025-07-07T12:35:44 IST" name="testContactForm" data-provider="formData" finished-at="2025-07-07T12:35:55 IST" duration-ms="11527" status="PASS">
          <params>
            <param index="0">
              <value>
                <![CDATA[Aarti]]>
              </value>
            </param>
            <param index="1">
              <value>
                <![CDATA[Nair]]>
              </value>
            </param>
            <param index="2">
              <value>
                <![CDATA[aarti@test.com]]>
              </value>
            </param>
            <param index="3">
              <value>
                <![CDATA[Feedback]]>
              </value>
            </param>
            <param index="4">
              <value>
                <![CDATA[Great website and UI!]]>
              </value>
            </param>
          </params>
          <reporter-output>
          </reporter-output>
        </test-method> <!-- testContactForm -->
        <test-method is-config="true" signature="tearDown()[pri:0, instance:Thinktime.TestFlow.ContactFormTest@184cf7cf]" started-at="2025-07-07T12:35:55 IST" name="tearDown" finished-at="2025-07-07T12:35:56 IST" duration-ms="396" status="PASS">
          <reporter-output>
          </reporter-output>
        </test-method> <!-- tearDown -->
        <test-method is-config="true" signature="setUp()[pri:0, instance:Thinktime.TestFlow.ContactFormTest@184cf7cf]" started-at="2025-07-07T12:35:56 IST" name="setUp" finished-at="2025-07-07T12:36:02 IST" duration-ms="5953" status="PASS">
          <reporter-output>
          </reporter-output>
        </test-method> <!-- setUp -->
        <test-method signature="testContactForm(java.lang.String,java.lang.String,java.lang.String,java.lang.String,java.lang.String)[pri:0, instance:Thinktime.TestFlow.ContactFormTest@184cf7cf]" started-at="2025-07-07T12:36:02 IST" name="testContactForm" data-provider="formData" finished-at="2025-07-07T12:36:14 IST" duration-ms="11957" status="PASS">
          <params>
            <param index="0">
              <value>
                <![CDATA[Deepak]]>
              </value>
            </param>
            <param index="1">
              <value>
                <![CDATA[M]]>
              </value>
            </param>
            <param index="2">
              <value>
                <![CDATA[deepak@test.com]]>
              </value>
            </param>
            <param index="3">
              <value>
                <![CDATA[Collaboration Offer]]>
              </value>
            </param>
            <param index="4">
              <value>
                <![CDATA[Let’s partner on a new project.]]>
              </value>
            </param>
          </params>
          <reporter-output>
          </reporter-output>
        </test-method> <!-- testContactForm -->
        <test-method is-config="true" signature="tearDown()[pri:0, instance:Thinktime.TestFlow.ContactFormTest@184cf7cf]" started-at="2025-07-07T12:36:14 IST" name="tearDown" finished-at="2025-07-07T12:36:14 IST" duration-ms="386" status="PASS">
          <reporter-output>
          </reporter-output>
        </test-method> <!-- tearDown -->
      </class> <!-- Thinktime.TestFlow.ContactFormTest -->
    </test> <!-- Surefire test -->
  </suite> <!-- Surefire suite -->
</testng-results>
