<?xml version="1.0" encoding="UTF-8"?>
<testng-results ignored="0" total="10" passed="10" failed="0" skipped="0">
  <reporter-output>
  </reporter-output>
  <suite started-at="2025-07-07T12:28:31 IST" name="Suite Cucumber All Feature" finished-at="2025-07-07T12:31:24 IST" duration-ms="172676">
    <groups>
    </groups>
    <test started-at="2025-07-07T12:28:31 IST" name="Test Cucumber All Feature" finished-at="2025-07-07T12:31:24 IST" duration-ms="172676">
      <class name="Thinktime.TestFlow.ContactFormTest">
        <test-method is-config="true" signature="setUp()[pri:0, instance:Thinktime.TestFlow.ContactFormTest@3c3d9b6b]" started-at="2025-07-07T12:28:32 IST" name="setUp" finished-at="2025-07-07T12:28:39 IST" duration-ms="6872" status="PASS">
          <reporter-output>
          </reporter-output>
        </test-method> <!-- setUp -->
        <test-method signature="testContactForm(java.lang.String,java.lang.String,java.lang.String,java.lang.String,java.lang.String)[pri:0, instance:Thinktime.TestFlow.ContactFormTest@3c3d9b6b]" started-at="2025-07-07T12:28:39 IST" name="testContactForm" data-provider="formData" finished-at="2025-07-07T12:28:51 IST" duration-ms="12437" status="PASS">
          <params>
            <param index="0">
              <value>
                <![CDATA[Priya]]>
              </value>
            </param>
            <param index="1">
              <value>
                <![CDATA[D]]>
              </value>
            </param>
            <param index="2">
              <value>
                <![CDATA[priya@test.com]]>
              </value>
            </param>
            <param index="3">
              <value>
                <![CDATA[Testing Inquiry]]>
              </value>
            </param>
            <param index="4">
              <value>
                <![CDATA[Hi, this is a test from Selenium.]]>
              </value>
            </param>
          </params>
          <reporter-output>
          </reporter-output>
        </test-method> <!-- testContactForm -->
        <test-method is-config="true" signature="tearDown()[pri:0, instance:Thinktime.TestFlow.ContactFormTest@3c3d9b6b]" started-at="2025-07-07T12:28:51 IST" name="tearDown" finished-at="2025-07-07T12:28:52 IST" duration-ms="340" status="PASS">
          <reporter-output>
          </reporter-output>
        </test-method> <!-- tearDown -->
        <test-method is-config="true" signature="setUp()[pri:0, instance:Thinktime.TestFlow.ContactFormTest@3c3d9b6b]" started-at="2025-07-07T12:28:52 IST" name="setUp" finished-at="2025-07-07T12:28:58 IST" duration-ms="5915" status="PASS">
          <reporter-output>
          </reporter-output>
        </test-method> <!-- setUp -->
        <test-method signature="testContactForm(java.lang.String,java.lang.String,java.lang.String,java.lang.String,java.lang.String)[pri:0, instance:Thinktime.TestFlow.ContactFormTest@3c3d9b6b]" started-at="2025-07-07T12:28:58 IST" name="testContactForm" data-provider="formData" finished-at="2025-07-07T12:29:08 IST" duration-ms="10897" status="PASS">
          <params>
            <param index="0">
              <value>
                <![CDATA[Arun]]>
              </value>
            </param>
            <param index="1">
              <value>
                <![CDATA[Kumar]]>
              </value>
            </param>
            <param index="2">
              <value>
                <![CDATA[arun@test.com]]>
              </value>
            </param>
            <param index="3">
              <value>
                <![CDATA[Bug Report]]>
              </value>
            </param>
            <param index="4">
              <value>
                <![CDATA[Found a UI issue on the contact page.]]>
              </value>
            </param>
          </params>
          <reporter-output>
          </reporter-output>
        </test-method> <!-- testContactForm -->
        <test-method is-config="true" signature="tearDown()[pri:0, instance:Thinktime.TestFlow.ContactFormTest@3c3d9b6b]" started-at="2025-07-07T12:29:08 IST" name="tearDown" finished-at="2025-07-07T12:29:09 IST" duration-ms="340" status="PASS">
          <reporter-output>
          </reporter-output>
        </test-method> <!-- tearDown -->
        <test-method is-config="true" signature="setUp()[pri:0, instance:Thinktime.TestFlow.ContactFormTest@3c3d9b6b]" started-at="2025-07-07T12:29:09 IST" name="setUp" finished-at="2025-07-07T12:29:15 IST" duration-ms="6027" status="PASS">
          <reporter-output>
          </reporter-output>
        </test-method> <!-- setUp -->
        <test-method signature="testContactForm(java.lang.String,java.lang.String,java.lang.String,java.lang.String,java.lang.String)[pri:0, instance:Thinktime.TestFlow.ContactFormTest@3c3d9b6b]" started-at="2025-07-07T12:29:15 IST" name="testContactForm" data-provider="formData" finished-at="2025-07-07T12:29:25 IST" duration-ms="10133" status="PASS">
          <params>
            <param index="0">
              <value>
                <![CDATA[Sneha]]>
              </value>
            </param>
            <param index="1">
              <value>
                <![CDATA[Reddy]]>
              </value>
            </param>
            <param index="2">
              <value>
                <![CDATA[sneha@test.com]]>
              </value>
            </param>
            <param index="3">
              <value>
                <![CDATA[Feature Request]]>
              </value>
            </param>
            <param index="4">
              <value>
                <![CDATA[Can we add CAPTCHA to the form?]]>
              </value>
            </param>
          </params>
          <reporter-output>
          </reporter-output>
        </test-method> <!-- testContactForm -->
        <test-method is-config="true" signature="tearDown()[pri:0, instance:Thinktime.TestFlow.ContactFormTest@3c3d9b6b]" started-at="2025-07-07T12:29:25 IST" name="tearDown" finished-at="2025-07-07T12:29:25 IST" duration-ms="281" status="PASS">
          <reporter-output>
          </reporter-output>
        </test-method> <!-- tearDown -->
        <test-method is-config="true" signature="setUp()[pri:0, instance:Thinktime.TestFlow.ContactFormTest@3c3d9b6b]" started-at="2025-07-07T12:29:25 IST" name="setUp" finished-at="2025-07-07T12:29:31 IST" duration-ms="5862" status="PASS">
          <reporter-output>
          </reporter-output>
        </test-method> <!-- setUp -->
        <test-method signature="testContactForm(java.lang.String,java.lang.String,java.lang.String,java.lang.String,java.lang.String)[pri:0, instance:Thinktime.TestFlow.ContactFormTest@3c3d9b6b]" started-at="2025-07-07T12:29:31 IST" name="testContactForm" data-provider="formData" finished-at="2025-07-07T12:29:41 IST" duration-ms="9865" status="PASS">
          <params>
            <param index="0">
              <value>
                <![CDATA[Rahul]]>
              </value>
            </param>
            <param index="1">
              <value>
                <![CDATA[Sharma]]>
              </value>
            </param>
            <param index="2">
              <value>
                <![CDATA[rahul@test.com]]>
              </value>
            </param>
            <param index="3">
              <value>
                <![CDATA[Job Application]]>
              </value>
            </param>
            <param index="4">
              <value>
                <![CDATA[I am applying for QA position.]]>
              </value>
            </param>
          </params>
          <reporter-output>
          </reporter-output>
        </test-method> <!-- testContactForm -->
        <test-method is-config="true" signature="tearDown()[pri:0, instance:Thinktime.TestFlow.ContactFormTest@3c3d9b6b]" started-at="2025-07-07T12:29:41 IST" name="tearDown" finished-at="2025-07-07T12:29:41 IST" duration-ms="270" status="PASS">
          <reporter-output>
          </reporter-output>
        </test-method> <!-- tearDown -->
        <test-method is-config="true" signature="setUp()[pri:0, instance:Thinktime.TestFlow.ContactFormTest@3c3d9b6b]" started-at="2025-07-07T12:29:41 IST" name="setUp" finished-at="2025-07-07T12:29:46 IST" duration-ms="4915" status="PASS">
          <reporter-output>
          </reporter-output>
        </test-method> <!-- setUp -->
        <test-method signature="testContactForm(java.lang.String,java.lang.String,java.lang.String,java.lang.String,java.lang.String)[pri:0, instance:Thinktime.TestFlow.ContactFormTest@3c3d9b6b]" started-at="2025-07-07T12:29:46 IST" name="testContactForm" data-provider="formData" finished-at="2025-07-07T12:29:56 IST" duration-ms="9935" status="PASS">
          <params>
            <param index="0">
              <value>
                <![CDATA[Meena]]>
              </value>
            </param>
            <param index="1">
              <value>
                <![CDATA[Iyer]]>
              </value>
            </param>
            <param index="2">
              <value>
                <![CDATA[meena@test.com]]>
              </value>
            </param>
            <param index="3">
              <value>
                <![CDATA[General Question]]>
              </value>
            </param>
            <param index="4">
              <value>
                <![CDATA[What services do you offer?]]>
              </value>
            </param>
          </params>
          <reporter-output>
          </reporter-output>
        </test-method> <!-- testContactForm -->
        <test-method is-config="true" signature="tearDown()[pri:0, instance:Thinktime.TestFlow.ContactFormTest@3c3d9b6b]" started-at="2025-07-07T12:29:56 IST" name="tearDown" finished-at="2025-07-07T12:29:56 IST" duration-ms="256" status="PASS">
          <reporter-output>
          </reporter-output>
        </test-method> <!-- tearDown -->
        <test-method is-config="true" signature="setUp()[pri:0, instance:Thinktime.TestFlow.ContactFormTest@3c3d9b6b]" started-at="2025-07-07T12:29:56 IST" name="setUp" finished-at="2025-07-07T12:30:02 IST" duration-ms="6082" status="PASS">
          <reporter-output>
          </reporter-output>
        </test-method> <!-- setUp -->
        <test-method signature="testContactForm(java.lang.String,java.lang.String,java.lang.String,java.lang.String,java.lang.String)[pri:0, instance:Thinktime.TestFlow.ContactFormTest@3c3d9b6b]" started-at="2025-07-07T12:30:02 IST" name="testContactForm" data-provider="formData" finished-at="2025-07-07T12:30:13 IST" duration-ms="10897" status="PASS">
          <params>
            <param index="0">
              <value>
                <![CDATA[Vignesh]]>
              </value>
            </param>
            <param index="1">
              <value>
                <![CDATA[S]]>
              </value>
            </param>
            <param index="2">
              <value>
                <![CDATA[vignesh@test.com]]>
              </value>
            </param>
            <param index="3">
              <value>
                <![CDATA[Demo Request]]>
              </value>
            </param>
            <param index="4">
              <value>
                <![CDATA[Can I schedule a product demo?]]>
              </value>
            </param>
          </params>
          <reporter-output>
          </reporter-output>
        </test-method> <!-- testContactForm -->
        <test-method is-config="true" signature="tearDown()[pri:0, instance:Thinktime.TestFlow.ContactFormTest@3c3d9b6b]" started-at="2025-07-07T12:30:13 IST" name="tearDown" finished-at="2025-07-07T12:30:14 IST" duration-ms="238" status="PASS">
          <reporter-output>
          </reporter-output>
        </test-method> <!-- tearDown -->
        <test-method is-config="true" signature="setUp()[pri:0, instance:Thinktime.TestFlow.ContactFormTest@3c3d9b6b]" started-at="2025-07-07T12:30:14 IST" name="setUp" finished-at="2025-07-07T12:30:20 IST" duration-ms="6662" status="PASS">
          <reporter-output>
          </reporter-output>
        </test-method> <!-- setUp -->
        <test-method signature="testContactForm(java.lang.String,java.lang.String,java.lang.String,java.lang.String,java.lang.String)[pri:0, instance:Thinktime.TestFlow.ContactFormTest@3c3d9b6b]" started-at="2025-07-07T12:30:20 IST" name="testContactForm" data-provider="formData" finished-at="2025-07-07T12:30:31 IST" duration-ms="10440" status="PASS">
          <params>
            <param index="0">
              <value>
                <![CDATA[Kavya]]>
              </value>
            </param>
            <param index="1">
              <value>
                <![CDATA[R]]>
              </value>
            </param>
            <param index="2">
              <value>
                <![CDATA[kavya@test.com]]>
              </value>
            </param>
            <param index="3">
              <value>
                <![CDATA[Sales Inquiry]]>
              </value>
            </param>
            <param index="4">
              <value>
                <![CDATA[Interested in your enterprise plan.]]>
              </value>
            </param>
          </params>
          <reporter-output>
          </reporter-output>
        </test-method> <!-- testContactForm -->
        <test-method is-config="true" signature="tearDown()[pri:0, instance:Thinktime.TestFlow.ContactFormTest@3c3d9b6b]" started-at="2025-07-07T12:30:31 IST" name="tearDown" finished-at="2025-07-07T12:30:31 IST" duration-ms="323" status="PASS">
          <reporter-output>
          </reporter-output>
        </test-method> <!-- tearDown -->
        <test-method is-config="true" signature="setUp()[pri:0, instance:Thinktime.TestFlow.ContactFormTest@3c3d9b6b]" started-at="2025-07-07T12:30:31 IST" name="setUp" finished-at="2025-07-07T12:30:37 IST" duration-ms="5671" status="PASS">
          <reporter-output>
          </reporter-output>
        </test-method> <!-- setUp -->
        <test-method signature="testContactForm(java.lang.String,java.lang.String,java.lang.String,java.lang.String,java.lang.String)[pri:0, instance:Thinktime.TestFlow.ContactFormTest@3c3d9b6b]" started-at="2025-07-07T12:30:37 IST" name="testContactForm" data-provider="formData" finished-at="2025-07-07T12:30:48 IST" duration-ms="11400" status="PASS">
          <params>
            <param index="0">
              <value>
                <![CDATA[Ramesh]]>
              </value>
            </param>
            <param index="1">
              <value>
                <![CDATA[Babu]]>
              </value>
            </param>
            <param index="2">
              <value>
                <![CDATA[ramesh@test.com]]>
              </value>
            </param>
            <param index="3">
              <value>
                <![CDATA[Technical Help]]>
              </value>
            </param>
            <param index="4">
              <value>
                <![CDATA[Unable to submit the contact form.]]>
              </value>
            </param>
          </params>
          <reporter-output>
          </reporter-output>
        </test-method> <!-- testContactForm -->
        <test-method is-config="true" signature="tearDown()[pri:0, instance:Thinktime.TestFlow.ContactFormTest@3c3d9b6b]" started-at="2025-07-07T12:30:48 IST" name="tearDown" finished-at="2025-07-07T12:30:48 IST" duration-ms="325" status="PASS">
          <reporter-output>
          </reporter-output>
        </test-method> <!-- tearDown -->
        <test-method is-config="true" signature="setUp()[pri:0, instance:Thinktime.TestFlow.ContactFormTest@3c3d9b6b]" started-at="2025-07-07T12:30:48 IST" name="setUp" finished-at="2025-07-07T12:30:55 IST" duration-ms="6067" status="PASS">
          <reporter-output>
          </reporter-output>
        </test-method> <!-- setUp -->
        <test-method signature="testContactForm(java.lang.String,java.lang.String,java.lang.String,java.lang.String,java.lang.String)[pri:0, instance:Thinktime.TestFlow.ContactFormTest@3c3d9b6b]" started-at="2025-07-07T12:30:55 IST" name="testContactForm" data-provider="formData" finished-at="2025-07-07T12:31:06 IST" duration-ms="11379" status="PASS">
          <params>
            <param index="0">
              <value>
                <![CDATA[Aarti]]>
              </value>
            </param>
            <param index="1">
              <value>
                <![CDATA[Nair]]>
              </value>
            </param>
            <param index="2">
              <value>
                <![CDATA[aarti@test.com]]>
              </value>
            </param>
            <param index="3">
              <value>
                <![CDATA[Feedback]]>
              </value>
            </param>
            <param index="4">
              <value>
                <![CDATA[Great website and UI!]]>
              </value>
            </param>
          </params>
          <reporter-output>
          </reporter-output>
        </test-method> <!-- testContactForm -->
        <test-method is-config="true" signature="tearDown()[pri:0, instance:Thinktime.TestFlow.ContactFormTest@3c3d9b6b]" started-at="2025-07-07T12:31:06 IST" name="tearDown" finished-at="2025-07-07T12:31:06 IST" duration-ms="408" status="PASS">
          <reporter-output>
          </reporter-output>
        </test-method> <!-- tearDown -->
        <test-method is-config="true" signature="setUp()[pri:0, instance:Thinktime.TestFlow.ContactFormTest@3c3d9b6b]" started-at="2025-07-07T12:31:06 IST" name="setUp" finished-at="2025-07-07T12:31:12 IST" duration-ms="5234" status="PASS">
          <reporter-output>
          </reporter-output>
        </test-method> <!-- setUp -->
        <test-method signature="testContactForm(java.lang.String,java.lang.String,java.lang.String,java.lang.String,java.lang.String)[pri:0, instance:Thinktime.TestFlow.ContactFormTest@3c3d9b6b]" started-at="2025-07-07T12:31:12 IST" name="testContactForm" data-provider="formData" finished-at="2025-07-07T12:31:24 IST" duration-ms="12024" status="PASS">
          <params>
            <param index="0">
              <value>
                <![CDATA[Deepak]]>
              </value>
            </param>
            <param index="1">
              <value>
                <![CDATA[M]]>
              </value>
            </param>
            <param index="2">
              <value>
                <![CDATA[deepak@test.com]]>
              </value>
            </param>
            <param index="3">
              <value>
                <![CDATA[Collaboration Offer]]>
              </value>
            </param>
            <param index="4">
              <value>
                <![CDATA[Let’s partner on a new project.]]>
              </value>
            </param>
          </params>
          <reporter-output>
          </reporter-output>
        </test-method> <!-- testContactForm -->
        <test-method is-config="true" signature="tearDown()[pri:0, instance:Thinktime.TestFlow.ContactFormTest@3c3d9b6b]" started-at="2025-07-07T12:31:24 IST" name="tearDown" finished-at="2025-07-07T12:31:24 IST" duration-ms="355" status="PASS">
          <reporter-output>
          </reporter-output>
        </test-method> <!-- tearDown -->
      </class> <!-- Thinktime.TestFlow.ContactFormTest -->
    </test> <!-- Test Cucumber All Feature -->
  </suite> <!-- Suite Cucumber All Feature -->
</testng-results>
